{"name": "Static telegrams sent hourly and always with STATUS: OK", "status": "failed", "statusDetails": {"message": "AssertionError: Static telegram has wrong status: Static telegram at 2025-06-18 13:00:28 STATUS: ERROR\nassert 'STATUS: OK' in 'Static telegram at 2025-06-18 13:00:28 STATUS: ERROR'", "trace": "@allure.feature(\"Static Telegrams\")\n    @allure.title(\"Static telegrams sent hourly and always with STATUS: OK\")\n    def test_static_telegrams_status():\n        telegrams = record_telegrams(duration_minutes=10000)\n    \n        static_telegrams = [\n            telegram for telegram in telegrams if telegram.startswith(\"Static\")\n        ]\n    \n        # Attach all static telegrams for visibility\n        allure.attach(\n            \"\\n\".join(static_telegrams),\n            name=\"Static Telegrams\",\n            attachment_type=allure.attachment_type.TEXT,\n        )\n    \n        with allure.step(\"Check that all static telegrams contain STATUS: OK\"):\n            for tg in static_telegrams:\n>               assert \"STATUS: OK\" in tg, f\"Static telegram has wrong status: {tg}\"\nE               AssertionError: Static telegram has wrong status: Static telegram at 2025-06-18 13:00:28 STATUS: ERROR\nE               assert 'STATUS: OK' in 'Static telegram at 2025-06-18 13:00:28 STATUS: ERROR'\n\ntest_to_fail.py:62: AssertionError"}, "steps": [{"name": "Check that all static telegrams contain STATUS: OK", "status": "failed", "statusDetails": {"message": "AssertionError: Static telegram has wrong status: Static telegram at 2025-06-18 13:00:28 STATUS: ERROR\nassert 'STATUS: OK' in 'Static telegram at 2025-06-18 13:00:28 STATUS: ERROR'\n", "trace": "  File \"/home/francesca/Desktop/DS Bootcamp/DSR-TDD-BCP/3_test_to_fail/test_to_fail.py\", line 62, in test_static_telegrams_status\n    assert \"STATUS: OK\" in tg, f\"Static telegram has wrong status: {tg}\"\n"}, "start": 1750171353532, "stop": 1750171353533}], "attachments": [{"name": "Static Telegrams", "source": "4976b40f-372d-460c-9bd8-cd9b820fe1d7-attachment.txt", "type": "text/plain"}], "start": 1750171353367, "stop": 1750171353533, "uuid": "9d820097-8940-4131-8cb5-c430cfee15fd", "historyId": "974dd564a9a454fb8d822f7e397c88f8", "testCaseId": "974dd564a9a454fb8d822f7e397c88f8", "fullName": "test_to_fail#test_static_telegrams_status", "labels": [{"name": "feature", "value": "Static Telegrams"}, {"name": "suite", "value": "test_to_fail"}, {"name": "host", "value": "francesca-ThinkPad-E14-Gen-2"}, {"name": "thread", "value": "128869-MainThread"}, {"name": "framework", "value": "pytest"}, {"name": "language", "value": "cpython3"}, {"name": "package", "value": "test_to_fail"}]}