{"name": "Mobile telegrams are sent every 60 seconds ±10%", "status": "failed", "statusDetails": {"message": "AssertionError: Timing errors found:\n  2025-06-18 00:07:52: interval = 535.00s\n  2025-06-19 00:06:00: interval = 402.00s\n  2025-06-19 00:09:47: interval = 166.00s\nassert not ['2025-06-18 00:07:52: interval = 535.00s', '2025-06-19 00:06:00: interval = 402.00s', '2025-06-19 00:09:47: interval = 166.00s']", "trace": "@allure.feature(\"Mobile Telegram Timing\")\n    @allure.title(\"Mobile telegrams are sent every 60 seconds ±10%\")\n    def test_timing():\n        telegrams = record_telegrams(duration_minutes=2600)\n    \n        timings = [\n            datetime.strptime(\n                telegram.split(\" at \")[1].split(\" Volume: \")[0], \"%Y-%m-%d %H:%M:%S\"\n            )\n            for telegram in telegrams\n            if telegram.startswith(\"Mobile\")\n        ]\n    \n        errors = []\n        for i in range(1, len(timings)):\n            diff_seconds = (timings[i] - timings[i - 1]).total_seconds()\n            if not (54 <= diff_seconds <= 66):\n                errors.append(f\"{timings[i]}: interval = {diff_seconds:.2f}s\")\n    \n>       assert not errors, \"Timing errors found:\\n\" + \"\\n\".join(errors)\nE       AssertionError: Timing errors found:\nE         2025-06-18 00:07:52: interval = 535.00s\nE         2025-06-19 00:06:00: interval = 402.00s\nE         2025-06-19 00:09:47: interval = 166.00s\nE       assert not ['2025-06-18 00:07:52: interval = 535.00s', '2025-06-19 00:06:00: interval = 402.00s', '2025-06-19 00:09:47: interval = 166.00s']\n\ntest_to_fail.py:90: AssertionError"}, "start": 1750169779264, "stop": 1750169779360, "uuid": "766fee3a-7bc0-4f25-a6e0-ce28107ce5cb", "historyId": "d9ec0c27c60df571c6e2bc7da59f86ea", "testCaseId": "d9ec0c27c60df571c6e2bc7da59f86ea", "fullName": "test_to_fail#test_timing", "labels": [{"name": "feature", "value": "Mobile Telegram Timing"}, {"name": "suite", "value": "test_to_fail"}, {"name": "host", "value": "francesca-ThinkPad-E14-Gen-2"}, {"name": "thread", "value": "118813-MainThread"}, {"name": "framework", "value": "pytest"}, {"name": "language", "value": "cpython3"}, {"name": "package", "value": "test_to_fail"}]}