{"name": "Static telegrams sent hourly and always with STATUS: OK", "status": "failed", "statusDetails": {"message": "AssertionError: Static telegram timing incorrect: interval = 0.0 seconds\nassert 3540 <= 0.0", "trace": "@allure.feature(\"Static Telegrams\")\n    @allure.title(\"Static telegrams sent hourly and always with STATUS: OK\")\n    def test_static_telegrams_status():\n        telegrams = record_telegrams(duration_minutes=800)\n    \n        static_telegrams = [\n            telegram for telegram in telegrams if telegram.startswith(\"Static\")\n        ]\n    \n        # Attach all static telegrams for visibility\n        allure.attach(\n            \"\\n\".join(static_telegrams),\n            name=\"Static Telegrams\",\n            attachment_type=allure.attachment_type.TEXT,\n        )\n    \n        with allure.step(\"Check that all static telegrams contain STATUS: OK\"):\n            for tg in static_telegrams:\n                assert \"STATUS: OK\" in tg, f\"Static telegram has wrong status: {tg}\"\n    \n        with allure.step(\"Check static telegrams are sent every hour ±60 seconds\"):\n            timestamps = [\n                datetime.strptime(\n                    tg.split(\" at \")[1].split(\" STATUS\")[0], \"%Y-%m-%d %H:%M:%S\"\n                )\n                for tg in static_telegrams\n            ]\n    \n            deltas = [\n                (timestamps[i] - timestamps[i - 1]).total_seconds()\n                for i in range(1, len(timestamps))\n            ]\n    \n            # Attach deltas for inspection\n            allure.attach(\n                \"\\n\".join(f\"{d:.1f} seconds\" for d in deltas),\n                name=\"Static Telegram Intervals\",\n                attachment_type=allure.attachment_type.TEXT,\n            )\n    \n            for delta in deltas:\n>               assert (\n                    3540 <= delta <= 3660\n                ), f\"Static telegram timing incorrect: interval = {delta:.1f} seconds\"\nE               AssertionError: Static telegram timing incorrect: interval = 0.0 seconds\nE               assert 3540 <= 0.0\n\ntest_to_fail.py:85: AssertionError"}, "steps": [{"name": "Check that all static telegrams contain STATUS: OK", "status": "passed", "start": 1750171305462, "stop": 1750171305462}, {"name": "Check static telegrams are sent every hour ±60 seconds", "status": "failed", "statusDetails": {"message": "AssertionError: Static telegram timing incorrect: interval = 0.0 seconds\nassert 3540 <= 0.0\n", "trace": "  File \"/home/francesca/Desktop/DS Bootcamp/DSR-TDD-BCP/3_test_to_fail/test_to_fail.py\", line 85, in test_static_telegrams_status\n    assert (\n"}, "attachments": [{"name": "Static Telegram Intervals", "source": "474c388e-a79b-49e8-b929-3246f7a8ec50-attachment.txt", "type": "text/plain"}], "start": 1750171305463, "stop": 1750171305464}], "attachments": [{"name": "Static Telegrams", "source": "ca437bb5-365a-4f17-86b5-dad5f787d9dd-attachment.txt", "type": "text/plain"}], "start": 1750171305448, "stop": 1750171305465, "uuid": "66f4f635-6f91-430c-863b-b46e74dceadf", "historyId": "974dd564a9a454fb8d822f7e397c88f8", "testCaseId": "974dd564a9a454fb8d822f7e397c88f8", "fullName": "test_to_fail#test_static_telegrams_status", "labels": [{"name": "feature", "value": "Static Telegrams"}, {"name": "suite", "value": "test_to_fail"}, {"name": "host", "value": "francesca-ThinkPad-E14-Gen-2"}, {"name": "thread", "value": "128337-MainThread"}, {"name": "framework", "value": "pytest"}, {"name": "language", "value": "cpython3"}, {"name": "package", "value": "test_to_fail"}]}